<?xml version="1.0" encoding="UTF-8"?>
<testsuite name="com.example.livecoding.domain.usecase.DrawOpeningHandUseCaseTest" tests="1" skipped="0" failures="0" errors="0" timestamp="2026-02-25T07:21:01" hostname="N54WLPX6KC-AppleOsX-1441-MacBook-Pro-alejandrojimenezfeverupcom.local" time="0.097">
  <properties/>
  <testcase name="invoke_returnsCardsFromRepository" classname="com.example.livecoding.domain.usecase.DrawOpeningHandUseCaseTest" time="0.097"/>
  <system-out><![CDATA[]]></system-out>
  <system-err><![CDATA[]]></system-err>
</testsuite>
